<?xml version="1.0" encoding="UTF-8"?>
<!-- Generated by org.testng.reporters.JUnitXMLReporter -->
<testsuite ignored="0" hostname="Dinesh" failures="2" tests="6" name="Test" time="49.548" errors="0" timestamp="21 Feb 2021 08:16:34 GMT">
  <testcase classname="com.DineshCompany.app.LoginPageTest" name="verifyLogo" time="0.147"/>
  <testcase classname="com.DineshCompany.app.LoginPageTest" name="verifyForgot" time="1.797"/>
  <testcase classname="com.DineshCompany.app.HomePageTest" name="GetTheTitle" time="0.012"/>
  <testcase classname="com.DineshCompany.app.HomePageTest" name="login" time="1.777">
    <failure type="java.lang.AssertionError" message="expected [Dashboard ‹ Wordpress Demo Site at Demo.Center — WordPress] but found [Log In ‹ Wordpress Demo Site at Demo.Center — WordPress]">
      <![CDATA[java.lang.AssertionError: expected [Dashboard ‹ Wordpress Demo Site at Demo.Center — WordPress] but found [Log In ‹ Wordpress Demo Site at Demo.Center — WordPress]
at com.DineshCompany.app.HomePageTest.login(HomePageTest.java:29)
at java.base/java.util.concurrent.ThreadPoolExecutor.runWorker(ThreadPoolExecutor.java:1130)
at java.base/java.util.concurrent.ThreadPoolExecutor$Worker.run(ThreadPoolExecutor.java:630)
at java.base/java.lang.Thread.run(Thread.java:832)
... Removed 16 stack frames]]>
    </failure>
  </testcase> <!-- login -->
  <testcase classname="com.DineshCompany.app.HomePageTest" name="login" time="7.907"/>
  <testcase classname="com.DineshCompany.app.HomePageTest" name="login" time="3.156">
    <failure type="java.lang.AssertionError" message="expected [Dashboard ‹ Wordpress Demo Site at Demo.Center — WordPress] but found [Log In ‹ Wordpress Demo Site at Demo.Center — WordPress]">
      <![CDATA[java.lang.AssertionError: expected [Dashboard ‹ Wordpress Demo Site at Demo.Center — WordPress] but found [Log In ‹ Wordpress Demo Site at Demo.Center — WordPress]
at com.DineshCompany.app.HomePageTest.login(HomePageTest.java:29)
at java.base/java.util.concurrent.ThreadPoolExecutor.runWorker(ThreadPoolExecutor.java:1130)
at java.base/java.util.concurrent.ThreadPoolExecutor$Worker.run(ThreadPoolExecutor.java:630)
at java.base/java.lang.Thread.run(Thread.java:832)
... Removed 16 stack frames]]>
    </failure>
  </testcase> <!-- login -->
</testsuite> <!-- Test -->
