<?xml version="1.0" encoding="UTF-8"?>
<testng-results ignored="0" total="3" passed="3" failed="0" skipped="0">
  <reporter-output>
  </reporter-output>
  <suite started-at="2021-02-25T05:32:34Z" name="Suite" finished-at="2021-02-25T05:33:02Z" duration-ms="28190">
    <groups>
    </groups>
    <test started-at="2021-02-25T05:32:34Z" name="Test" finished-at="2021-02-25T05:33:02Z" duration-ms="28190">
      <class name="com.qa.testcases.LoginPageTestOrange">
        <test-method is-config="true" signature="setup_browser()[pri:0, instance:com.qa.testcases.LoginPageTestOrange@2f465398]" started-at="2021-02-25T05:32:34Z" name="setup_browser" finished-at="2021-02-25T05:32:49Z" duration-ms="15678" status="PASS">
          <reporter-output>
          </reporter-output>
        </test-method> <!-- setup_browser -->
        <test-method is-config="true" signature="setup_browser()[pri:0, instance:com.qa.testcases.LoginPageTestOrange@2f465398]" started-at="2021-02-25T05:32:34Z" name="setup_browser" finished-at="2021-02-25T05:32:49Z" duration-ms="15618" status="PASS">
          <reporter-output>
          </reporter-output>
        </test-method> <!-- setup_browser -->
        <test-method is-config="true" signature="setup_browser()[pri:0, instance:com.qa.testcases.LoginPageTestOrange@2f465398]" started-at="2021-02-25T05:32:34Z" name="setup_browser" finished-at="2021-02-25T05:32:49Z" duration-ms="15665" status="PASS">
          <reporter-output>
          </reporter-output>
        </test-method> <!-- setup_browser -->
        <test-method signature="loginandlogoutTest(java.lang.String, java.lang.String)[pri:0, instance:com.qa.testcases.LoginPageTestOrange@2f465398]" started-at="2021-02-25T05:32:49Z" name="loginandlogoutTest" data-provider="Multiple login" finished-at="2021-02-25T05:33:01Z" duration-ms="11212" status="PASS">
          <params>
            <param index="0">
              <value>
                <![CDATA[Admin]]>
              </value>
            </param>
            <param index="1">
              <value>
                <![CDATA[admin123]]>
              </value>
            </param>
          </params>
          <reporter-output>
          </reporter-output>
        </test-method> <!-- loginandlogoutTest -->
        <test-method signature="loginandlogoutTest(java.lang.String, java.lang.String)[pri:0, instance:com.qa.testcases.LoginPageTestOrange@2f465398]" started-at="2021-02-25T05:32:49Z" name="loginandlogoutTest" data-provider="Multiple login" finished-at="2021-02-25T05:33:00Z" duration-ms="11125" status="PASS">
          <params>
            <param index="0">
              <value>
                <![CDATA[Admin]]>
              </value>
            </param>
            <param index="1">
              <value>
                <![CDATA[admin123]]>
              </value>
            </param>
          </params>
          <reporter-output>
          </reporter-output>
        </test-method> <!-- loginandlogoutTest -->
        <test-method signature="loginandlogoutTest(java.lang.String, java.lang.String)[pri:0, instance:com.qa.testcases.LoginPageTestOrange@2f465398]" started-at="2021-02-25T05:32:49Z" name="loginandlogoutTest" data-provider="Multiple login" finished-at="2021-02-25T05:33:01Z" duration-ms="11192" status="PASS">
          <params>
            <param index="0">
              <value>
                <![CDATA[Admin]]>
              </value>
            </param>
            <param index="1">
              <value>
                <![CDATA[admin123]]>
              </value>
            </param>
          </params>
          <reporter-output>
          </reporter-output>
        </test-method> <!-- loginandlogoutTest -->
        <test-method is-config="true" signature="TearDown()[pri:0, instance:com.qa.testcases.LoginPageTestOrange@2f465398]" started-at="2021-02-25T05:33:00Z" name="TearDown" finished-at="2021-02-25T05:33:01Z" duration-ms="948" status="PASS">
          <reporter-output>
          </reporter-output>
        </test-method> <!-- TearDown -->
        <test-method is-config="true" signature="TearDown()[pri:0, instance:com.qa.testcases.LoginPageTestOrange@2f465398]" started-at="2021-02-25T05:33:01Z" name="TearDown" finished-at="2021-02-25T05:33:02Z" duration-ms="1282" status="PASS">
          <reporter-output>
          </reporter-output>
        </test-method> <!-- TearDown -->
        <test-method is-config="true" signature="TearDown()[pri:0, instance:com.qa.testcases.LoginPageTestOrange@2f465398]" started-at="2021-02-25T05:33:01Z" name="TearDown" finished-at="2021-02-25T05:33:01Z" duration-ms="954" status="PASS">
          <reporter-output>
          </reporter-output>
        </test-method> <!-- TearDown -->
      </class> <!-- com.qa.testcases.LoginPageTestOrange -->
    </test> <!-- Test -->
  </suite> <!-- Suite -->
</testng-results>
